\BOOKMARK [0][-]{chapter.1}{\376\377\0001\000\040\000[\000E\000T\000V\000O\000\040\000\050\000E\000v\000e\000n\000t\000"\0000\0002\0006\000A\0003\0000\000C\000\040\000T\000i\000m\000e\000-\000V\000a\000r\000i\000a\000n\000t\000\040\000O\000p\000e\000r\000a\000t\000o\000r\000s\000\051\000]}{}% 1
\BOOKMARK [0][-]{chapter.2}{\376\377\0002\000\040\000N\000a\000m\000e\000s\000p\000a\000c\000e\000\040\000I\000n\000d\000e\000x}{}% 2
\BOOKMARK [1][-]{section.2.1}{\376\377\0002\000.\0001\000\040\000N\000a\000m\000e\000s\000p\000a\000c\000e\000\040\000L\000i\000s\000t}{chapter.2}% 3
\BOOKMARK [0][-]{chapter.3}{\376\377\0003\000\040\000H\000i\000e\000r\000a\000r\000c\000h\000i\000c\000a\000l\000\040\000I\000n\000d\000e\000x}{}% 4
\BOOKMARK [1][-]{section.3.1}{\376\377\0003\000.\0001\000\040\000C\000l\000a\000s\000s\000\040\000H\000i\000e\000r\000a\000r\000c\000h\000y}{chapter.3}% 5
\BOOKMARK [0][-]{chapter.4}{\376\377\0004\000\040\000C\000l\000a\000s\000s\000\040\000I\000n\000d\000e\000x}{}% 6
\BOOKMARK [1][-]{section.4.1}{\376\377\0004\000.\0001\000\040\000C\000l\000a\000s\000s\000\040\000L\000i\000s\000t}{chapter.4}% 7
\BOOKMARK [0][-]{chapter.5}{\376\377\0005\000\040\000F\000i\000l\000e\000\040\000I\000n\000d\000e\000x}{}% 8
\BOOKMARK [1][-]{section.5.1}{\376\377\0005\000.\0001\000\040\000F\000i\000l\000e\000\040\000L\000i\000s\000t}{chapter.5}% 9
\BOOKMARK [0][-]{chapter.6}{\376\377\0006\000\040\000N\000a\000m\000e\000s\000p\000a\000c\000e\000\040\000D\000o\000c\000u\000m\000e\000n\000t\000a\000t\000i\000o\000n}{}% 10
\BOOKMARK [1][-]{section.6.1}{\376\377\0006\000.\0001\000\040\000e\000t\000v\000o\000I\000I\000\040\000N\000a\000m\000e\000s\000p\000a\000c\000e\000\040\000R\000e\000f\000e\000r\000e\000n\000c\000e}{chapter.6}% 11
\BOOKMARK [2][-]{subsection.6.1.1}{\376\377\0006\000.\0001\000.\0001\000\040\000D\000e\000t\000a\000i\000l\000e\000d\000\040\000D\000e\000s\000c\000r\000i\000p\000t\000i\000o\000n}{section.6.1}% 12
\BOOKMARK [2][-]{subsection.6.1.2}{\376\377\0006\000.\0001\000.\0002\000\040\000F\000u\000n\000c\000t\000i\000o\000n\000\040\000D\000o\000c\000u\000m\000e\000n\000t\000a\000t\000i\000o\000n}{section.6.1}% 13
\BOOKMARK [3][-]{subsubsection.6.1.2.1}{\376\377\0006\000.\0001\000.\0002\000.\0001\000\040\000o\000p\000e\000r\000a\000t\000o\000r\000<\000<\000\050\000\051}{subsection.6.1.2}% 14
\BOOKMARK [0][-]{chapter.7}{\376\377\0007\000\040\000C\000l\000a\000s\000s\000\040\000D\000o\000c\000u\000m\000e\000n\000t\000a\000t\000i\000o\000n}{}% 15
\BOOKMARK [1][-]{section.7.1}{\376\377\0007\000.\0001\000\040\000c\000a\000l\000c\000u\000l\000a\000t\000o\000r\000E\000t\000v\000o\000:\000:\000c\000a\000l\000c\000u\000l\000a\000t\000o\000r\000<\000\040\000I\000t\000e\000r\000a\000t\000o\000r\000\040\000>\000\040\000S\000t\000r\000u\000c\000t\000\040\000T\000e\000m\000p\000l\000a\000t\000e\000\040\000R\000e\000f\000e\000r\000e\000n\000c\000e}{chapter.7}% 16
\BOOKMARK [1][-]{section.7.2}{\376\377\0007\000.\0002\000\040\000p\000a\000r\000s\000e\000s\000e\000r\000i\000e\000s\000e\000d\000:\000:\000c\000a\000l\000c\000u\000l\000a\000t\000o\000r\000<\000\040\000I\000t\000e\000r\000a\000t\000o\000r\000\040\000>\000\040\000S\000t\000r\000u\000c\000t\000\040\000T\000e\000m\000p\000l\000a\000t\000e\000\040\000R\000e\000f\000e\000r\000e\000n\000c\000e}{chapter.7}% 17
\BOOKMARK [1][-]{section.7.3}{\376\377\0007\000.\0003\000\040\000p\000a\000r\000s\000e\000p\000e\000d\000:\000:\000c\000a\000l\000c\000u\000l\000a\000t\000o\000r\000<\000\040\000I\000t\000e\000r\000a\000t\000o\000r\000\040\000>\000\040\000S\000t\000r\000u\000c\000t\000\040\000T\000e\000m\000p\000l\000a\000t\000e\000\040\000R\000e\000f\000e\000r\000e\000n\000c\000e}{chapter.7}% 18
\BOOKMARK [1][-]{section.7.4}{\376\377\0007\000.\0004\000\040\000p\000a\000r\000s\000e\000p\000t\000g\000:\000:\000c\000a\000l\000c\000u\000l\000a\000t\000o\000r\000<\000\040\000I\000t\000e\000r\000a\000t\000o\000r\000\040\000>\000\040\000S\000t\000r\000u\000c\000t\000\040\000T\000e\000m\000p\000l\000a\000t\000e\000\040\000R\000e\000f\000e\000r\000e\000n\000c\000e}{chapter.7}% 19
\BOOKMARK [1][-]{section.7.5}{\376\377\0007\000.\0005\000\040\000p\000a\000r\000s\000e\000p\000o\000l\000y\000I\000I\000I\000:\000:\000c\000a\000l\000c\000u\000l\000a\000t\000o\000r\000<\000\040\000I\000t\000e\000r\000a\000t\000o\000r\000\040\000>\000\040\000S\000t\000r\000u\000c\000t\000\040\000T\000e\000m\000p\000l\000a\000t\000e\000\040\000R\000e\000f\000e\000r\000e\000n\000c\000e}{chapter.7}% 20
\BOOKMARK [1][-]{section.7.6}{\376\377\0007\000.\0006\000\040\000P\000o\000v\000R\000a\000y\000:\000:\000P\000o\000v\000R\000a\000y\0002\000:\000:\000C\000o\000l\000o\000r\000\040\000C\000l\000a\000s\000s\000\040\000R\000e\000f\000e\000r\000e\000n\000c\000e}{chapter.7}% 21
\BOOKMARK [1][-]{section.7.7}{\376\377\0007\000.\0007\000\040\000e\000t\000v\000o\000I\000I\000:\000:\000d\000D\000d\000\040\000C\000l\000a\000s\000s\000\040\000R\000e\000f\000e\000r\000e\000n\000c\000e}{chapter.7}% 22
\BOOKMARK [2][-]{subsection.7.7.1}{\376\377\0007\000.\0007\000.\0001\000\040\000D\000e\000t\000a\000i\000l\000e\000d\000\040\000D\000e\000s\000c\000r\000i\000p\000t\000i\000o\000n}{section.7.7}% 23
\BOOKMARK [2][-]{subsection.7.7.2}{\376\377\0007\000.\0007\000.\0002\000\040\000M\000e\000m\000b\000e\000r\000\040\000F\000u\000n\000c\000t\000i\000o\000n\000\040\000D\000o\000c\000u\000m\000e\000n\000t\000a\000t\000i\000o\000n}{section.7.7}% 24
\BOOKMARK [3][-]{subsubsection.7.7.2.1}{\376\377\0007\000.\0007\000.\0002\000.\0001\000\040\000g\000e\000t\000P\000e\000r\000i\000o\000d\000i\000c\000i\000t\000y\000\050\000\051}{subsection.7.7.2}% 25
\BOOKMARK [2][-]{subsection.7.7.3}{\376\377\0007\000.\0007\000.\0003\000\040\000M\000e\000m\000b\000e\000r\000\040\000D\000a\000t\000a\000\040\000D\000o\000c\000u\000m\000e\000n\000t\000a\000t\000i\000o\000n}{section.7.7}% 26
\BOOKMARK [3][-]{subsubsection.7.7.3.1}{\376\377\0007\000.\0007\000.\0003\000.\0001\000\040\000\137\000c\000a\000n\000o\000n}{subsection.7.7.3}% 27
\BOOKMARK [1][-]{section.7.8}{\376\377\0007\000.\0008\000\040\000e\000t\000v\000o\000I\000I\000:\000:\000E\000\137\000o\000p\000\040\000C\000l\000a\000s\000s\000\040\000R\000e\000f\000e\000r\000e\000n\000c\000e}{chapter.7}% 28
\BOOKMARK [1][-]{section.7.9}{\376\377\0007\000.\0009\000\040\000e\000t\000v\000o\000I\000I\000:\000:\000E\000d\000\040\000C\000l\000a\000s\000s\000\040\000R\000e\000f\000e\000r\000e\000n\000c\000e}{chapter.7}% 29
\BOOKMARK [2][-]{subsection.7.9.1}{\376\377\0007\000.\0009\000.\0001\000\040\000M\000e\000m\000b\000e\000r\000\040\000F\000u\000n\000c\000t\000i\000o\000n\000\040\000D\000o\000c\000u\000m\000e\000n\000t\000a\000t\000i\000o\000n}{section.7.9}% 30
\BOOKMARK [3][-]{subsubsection.7.9.1.1}{\376\377\0007\000.\0009\000.\0001\000.\0001\000\040\000g\000\050\000\051}{subsection.7.9.1}% 31
\BOOKMARK [1][-]{section.7.10}{\376\377\0007\000.\0001\0000\000\040\000e\000t\000v\000o\000I\000I\000:\000:\000e\000t\000v\000o\000E\000x\000c\000e\000p\000t\000i\000o\000n\000\040\000C\000l\000a\000s\000s\000\040\000R\000e\000f\000e\000r\000e\000n\000c\000e}{chapter.7}% 32
\BOOKMARK [1][-]{section.7.11}{\376\377\0007\000.\0001\0001\000\040\000e\000t\000v\000o\000I\000I\000:\000:\000F\000a\000c\000t\000o\000r\000y\000<\000\040\000T\000\040\000>\000\040\000C\000l\000a\000s\000s\000\040\000T\000e\000m\000p\000l\000a\000t\000e\000\040\000R\000e\000f\000e\000r\000e\000n\000c\000e}{chapter.7}% 33
\BOOKMARK [1][-]{section.7.12}{\376\377\0007\000.\0001\0002\000\040\000e\000t\000v\000o\000I\000I\000:\000:\000F\000a\000c\000t\000o\000r\000y\000F\000p\000e\000r\000\040\000C\000l\000a\000s\000s\000\040\000R\000e\000f\000e\000r\000e\000n\000c\000e}{chapter.7}% 34
\BOOKMARK [1][-]{section.7.13}{\376\377\0007\000.\0001\0003\000\040\000e\000t\000v\000o\000I\000I\000:\000:\000F\000a\000c\000t\000o\000r\000y\000P\000o\000l\000y\000\040\000C\000l\000a\000s\000s\000\040\000R\000e\000f\000e\000r\000e\000n\000c\000e}{chapter.7}% 35
\BOOKMARK [1][-]{section.7.14}{\376\377\0007\000.\0001\0004\000\040\000e\000t\000v\000o\000I\000I\000:\000:\000F\000a\000c\000t\000o\000r\000y\000P\000o\000l\000y\000E\000d\000\040\000C\000l\000a\000s\000s\000\040\000R\000e\000f\000e\000r\000e\000n\000c\000e}{chapter.7}% 36
\BOOKMARK [1][-]{section.7.15}{\376\377\0007\000.\0001\0005\000\040\000e\000t\000v\000o\000I\000I\000:\000:\000F\000a\000c\000t\000o\000r\000y\000P\000o\000l\000y\000T\000g\000\040\000C\000l\000a\000s\000s\000\040\000R\000e\000f\000e\000r\000e\000n\000c\000e}{chapter.7}% 37
\BOOKMARK [1][-]{section.7.16}{\376\377\0007\000.\0001\0006\000\040\000e\000t\000v\000o\000I\000I\000:\000:\000F\000a\000c\000t\000o\000r\000y\000S\000e\000r\000i\000e\000s\000\040\000C\000l\000a\000s\000s\000\040\000R\000e\000f\000e\000r\000e\000n\000c\000e}{chapter.7}% 38
\BOOKMARK [1][-]{section.7.17}{\376\377\0007\000.\0001\0007\000\040\000e\000t\000v\000o\000I\000I\000:\000:\000F\000a\000c\000t\000o\000r\000y\000S\000e\000r\000i\000e\000s\000E\000d\000\040\000C\000l\000a\000s\000s\000\040\000R\000e\000f\000e\000r\000e\000n\000c\000e}{chapter.7}% 39
\BOOKMARK [1][-]{section.7.18}{\376\377\0007\000.\0001\0008\000\040\000e\000t\000v\000o\000I\000I\000:\000:\000F\000m\000a\000x\000p\000\040\000C\000l\000a\000s\000s\000\040\000R\000e\000f\000e\000r\000e\000n\000c\000e}{chapter.7}% 40
\BOOKMARK [2][-]{subsection.7.18.1}{\376\377\0007\000.\0001\0008\000.\0001\000\040\000M\000e\000m\000b\000e\000r\000\040\000F\000u\000n\000c\000t\000i\000o\000n\000\040\000D\000o\000c\000u\000m\000e\000n\000t\000a\000t\000i\000o\000n}{section.7.18}% 41
\BOOKMARK [3][-]{subsubsection.7.18.1.1}{\376\377\0007\000.\0001\0008\000.\0001\000.\0001\000\040\000l\000f\000r\000a\000c\000\050\000\051}{subsection.7.18.1}% 42
\BOOKMARK [3][-]{subsubsection.7.18.1.2}{\376\377\0007\000.\0001\0008\000.\0001\000.\0002\000\040\000r\000f\000r\000a\000c\000\050\000\051}{subsection.7.18.1}% 43
\BOOKMARK [3][-]{subsubsection.7.18.1.3}{\376\377\0007\000.\0001\0008\000.\0001\000.\0003\000\040\000t\000o\000S\000t\000r\000i\000n\000g\000\050\000\051}{subsection.7.18.1}% 44
\BOOKMARK [1][-]{section.7.19}{\376\377\0007\000.\0001\0009\000\040\000e\000t\000v\000o\000I\000I\000:\000:\000F\000m\000i\000n\000p\000\040\000C\000l\000a\000s\000s\000\040\000R\000e\000f\000e\000r\000e\000n\000c\000e}{chapter.7}% 45
\BOOKMARK [2][-]{subsection.7.19.1}{\376\377\0007\000.\0001\0009\000.\0001\000\040\000M\000e\000m\000b\000e\000r\000\040\000F\000u\000n\000c\000t\000i\000o\000n\000\040\000D\000o\000c\000u\000m\000e\000n\000t\000a\000t\000i\000o\000n}{section.7.19}% 46
\BOOKMARK [3][-]{subsubsection.7.19.1.1}{\376\377\0007\000.\0001\0009\000.\0001\000.\0001\000\040\000l\000f\000r\000a\000c\000\050\000\051}{subsection.7.19.1}% 47
\BOOKMARK [3][-]{subsubsection.7.19.1.2}{\376\377\0007\000.\0001\0009\000.\0001\000.\0002\000\040\000r\000f\000r\000a\000c\000\050\000\051}{subsection.7.19.1}% 48
\BOOKMARK [3][-]{subsubsection.7.19.1.3}{\376\377\0007\000.\0001\0009\000.\0001\000.\0003\000\040\000t\000o\000S\000t\000r\000i\000n\000g\000\050\000\051}{subsection.7.19.1}% 49
\BOOKMARK [1][-]{section.7.20}{\376\377\0007\000.\0002\0000\000\040\000e\000t\000v\000o\000I\000I\000:\000:\000F\000p\000e\000r\000\040\000C\000l\000a\000s\000s\000\040\000R\000e\000f\000e\000r\000e\000n\000c\000e}{chapter.7}% 50
\BOOKMARK [2][-]{subsection.7.20.1}{\376\377\0007\000.\0002\0000\000.\0001\000\040\000D\000e\000t\000a\000i\000l\000e\000d\000\040\000D\000e\000s\000c\000r\000i\000p\000t\000i\000o\000n}{section.7.20}% 51
\BOOKMARK [2][-]{subsection.7.20.2}{\376\377\0007\000.\0002\0000\000.\0002\000\040\000C\000o\000n\000s\000t\000r\000u\000c\000t\000o\000r\000\040\000\046\000\040\000D\000e\000s\000t\000r\000u\000c\000t\000o\000r\000\040\000D\000o\000c\000u\000m\000e\000n\000t\000a\000t\000i\000o\000n}{section.7.20}% 52
\BOOKMARK [3][-]{subsubsection.7.20.2.1}{\376\377\0007\000.\0002\0000\000.\0002\000.\0001\000\040\000F\000p\000e\000r\000\050\000\051}{subsection.7.20.2}% 53
\BOOKMARK [2][-]{subsection.7.20.3}{\376\377\0007\000.\0002\0000\000.\0003\000\040\000M\000e\000m\000b\000e\000r\000\040\000F\000u\000n\000c\000t\000i\000o\000n\000\040\000D\000o\000c\000u\000m\000e\000n\000t\000a\000t\000i\000o\000n}{section.7.20}% 54
\BOOKMARK [3][-]{subsubsection.7.20.3.1}{\376\377\0007\000.\0002\0000\000.\0003\000.\0001\000\040\000c\000o\000m\000p\000o\000s\000e\000W\000i\000t\000h\000\050\000\051}{subsection.7.20.3}% 55
\BOOKMARK [3][-]{subsubsection.7.20.3.2}{\376\377\0007\000.\0002\0000\000.\0003\000.\0002\000\040\000g\000e\000t\000C\000o\000d\000o\000m\000P\000e\000r\000\050\000\051}{subsection.7.20.3}% 56
\BOOKMARK [3][-]{subsubsection.7.20.3.3}{\376\377\0007\000.\0002\0000\000.\0003\000.\0003\000\040\000g\000e\000t\000D\000o\000m\000P\000e\000r\000\050\000\051}{subsection.7.20.3}% 57
\BOOKMARK [3][-]{subsubsection.7.20.3.4}{\376\377\0007\000.\0002\0000\000.\0003\000.\0004\000\040\000g\000e\000t\000V\000a\000l\000u\000e\000\050\000\051}{subsection.7.20.3}% 58
\BOOKMARK [3][-]{subsubsection.7.20.3.5}{\376\377\0007\000.\0002\0000\000.\0003\000.\0005\000\040\000g\000e\000t\000y\000M\000a\000x\0000\000\050\000\051}{subsection.7.20.3}% 59
\BOOKMARK [3][-]{subsubsection.7.20.3.6}{\376\377\0007\000.\0002\0000\000.\0003\000.\0006\000\040\000g\000e\000t\000y\000M\000i\000n\0000\000\050\000\051}{subsection.7.20.3}% 60
\BOOKMARK [3][-]{subsubsection.7.20.3.7}{\376\377\0007\000.\0002\0000\000.\0003\000.\0007\000\040\000o\000p\000e\000r\000a\000t\000o\000r\000\050\000\051\000\050\000\051}{subsection.7.20.3}% 61
\BOOKMARK [3][-]{subsubsection.7.20.3.8}{\376\377\0007\000.\0002\0000\000.\0003\000.\0008\000\040\000s\000e\000t\000P\000e\000r\000i\000o\000d\000i\000c\000i\000t\000y\000\050\000\051}{subsection.7.20.3}% 62
\BOOKMARK [3][-]{subsubsection.7.20.3.9}{\376\377\0007\000.\0002\0000\000.\0003\000.\0009\000\040\000s\000e\000t\000S\000e\000q\000\050\000\051}{subsection.7.20.3}% 63
\BOOKMARK [3][-]{subsubsection.7.20.3.10}{\376\377\0007\000.\0002\0000\000.\0003\000.\0001\0000\000\040\000t\000o\000S\000t\000r\000i\000n\000g\000\050\000\051}{subsection.7.20.3}% 64
\BOOKMARK [2][-]{subsection.7.20.4}{\376\377\0007\000.\0002\0000\000.\0004\000\040\000M\000e\000m\000b\000e\000r\000\040\000D\000a\000t\000a\000\040\000D\000o\000c\000u\000m\000e\000n\000t\000a\000t\000i\000o\000n}{section.7.20}% 65
\BOOKMARK [3][-]{subsubsection.7.20.4.1}{\376\377\0007\000.\0002\0000\000.\0004\000.\0001\000\040\000\137\000a\000u\000t\000o\000r\000e\000d\000u\000c\000t\000i\000o\000n}{subsection.7.20.4}% 66
\BOOKMARK [1][-]{section.7.21}{\376\377\0007\000.\0002\0001\000\040\000m\000m\000g\000d\000:\000:\000g\000d\000\040\000C\000l\000a\000s\000s\000\040\000R\000e\000f\000e\000r\000e\000n\000c\000e}{chapter.7}% 67
\BOOKMARK [1][-]{section.7.22}{\376\377\0007\000.\0002\0002\000\040\000e\000t\000v\000o\000I\000I\000:\000:\000g\000d\000\040\000C\000l\000a\000s\000s\000\040\000R\000e\000f\000e\000r\000e\000n\000c\000e}{chapter.7}% 68
\BOOKMARK [1][-]{section.7.23}{\376\377\0007\000.\0002\0003\000\040\000g\000l\000o\000b\000a\000l\000\040\000C\000l\000a\000s\000s\000\040\000R\000e\000f\000e\000r\000e\000n\000c\000e}{chapter.7}% 69
\BOOKMARK [1][-]{section.7.24}{\376\377\0007\000.\0002\0004\000\040\000e\000t\000v\000o\000I\000I\000:\000:\000g\000N\000g\000\040\000C\000l\000a\000s\000s\000\040\000R\000e\000f\000e\000r\000e\000n\000c\000e}{chapter.7}% 70
\BOOKMARK [2][-]{subsection.7.24.1}{\376\377\0007\000.\0002\0004\000.\0001\000\040\000D\000e\000t\000a\000i\000l\000e\000d\000\040\000D\000e\000s\000c\000r\000i\000p\000t\000i\000o\000n}{section.7.24}% 71
\BOOKMARK [2][-]{subsection.7.24.2}{\376\377\0007\000.\0002\0004\000.\0002\000\040\000M\000e\000m\000b\000e\000r\000\040\000D\000a\000t\000a\000\040\000D\000o\000c\000u\000m\000e\000n\000t\000a\000t\000i\000o\000n}{section.7.24}% 72
\BOOKMARK [3][-]{subsubsection.7.24.2.1}{\376\377\0007\000.\0002\0004\000.\0002\000.\0001\000\040\000\137\000c\000a\000n\000o\000n}{subsection.7.24.2}% 73
\BOOKMARK [1][-]{section.7.25}{\376\377\0007\000.\0002\0005\000\040\000e\000t\000v\000o\000I\000I\000:\000:\000I\000S\000t\000e\000r\000m\000\040\000C\000l\000a\000s\000s\000\040\000R\000e\000f\000e\000r\000e\000n\000c\000e}{chapter.7}% 74
\BOOKMARK [1][-]{section.7.26}{\376\377\0007\000.\0002\0006\000\040\000e\000t\000v\000o\000I\000I\000:\000:\000m\000a\000t\000r\000i\000x\000<\000\040\000T\000\040\000>\000\040\000C\000l\000a\000s\000s\000\040\000T\000e\000m\000p\000l\000a\000t\000e\000\040\000R\000e\000f\000e\000r\000e\000n\000c\000e}{chapter.7}% 75
\BOOKMARK [1][-]{section.7.27}{\376\377\0007\000.\0002\0007\000\040\000m\000m\000g\000d\000:\000:\000m\000e\000m\000\137\000l\000i\000m\000i\000t\000e\000\040\000C\000l\000a\000s\000s\000\040\000R\000e\000f\000e\000r\000e\000n\000c\000e}{chapter.7}% 76
\BOOKMARK [1][-]{section.7.28}{\376\377\0007\000.\0002\0008\000\040\000e\000t\000v\000o\000I\000I\000:\000:\000p\000a\000r\000s\000e\000r\000\040\000C\000l\000a\000s\000s\000\040\000R\000e\000f\000e\000r\000e\000n\000c\000e}{chapter.7}% 77
\BOOKMARK [1][-]{section.7.29}{\376\377\0007\000.\0002\0009\000\040\000P\000o\000v\000R\000a\000y\000:\000:\000P\000o\000v\000R\000a\000y\0002\000:\000:\000P\000o\000i\000n\000t\000\040\000C\000l\000a\000s\000s\000\040\000R\000e\000f\000e\000r\000e\000n\000c\000e}{chapter.7}% 78
\BOOKMARK [1][-]{section.7.30}{\376\377\0007\000.\0003\0000\000\040\000m\000m\000g\000d\000:\000:\000p\000o\000l\000y\000\040\000C\000l\000a\000s\000s\000\040\000R\000e\000f\000e\000r\000e\000n\000c\000e}{chapter.7}% 79
\BOOKMARK [1][-]{section.7.31}{\376\377\0007\000.\0003\0001\000\040\000e\000t\000v\000o\000I\000I\000:\000:\000p\000o\000l\000y\000\040\000C\000l\000a\000s\000s\000\040\000R\000e\000f\000e\000r\000e\000n\000c\000e}{chapter.7}% 80
\BOOKMARK [2][-]{subsection.7.31.1}{\376\377\0007\000.\0003\0001\000.\0001\000\040\000C\000o\000n\000s\000t\000r\000u\000c\000t\000o\000r\000\040\000\046\000\040\000D\000e\000s\000t\000r\000u\000c\000t\000o\000r\000\040\000D\000o\000c\000u\000m\000e\000n\000t\000a\000t\000i\000o\000n}{section.7.31}% 81
\BOOKMARK [3][-]{subsubsection.7.31.1.1}{\376\377\0007\000.\0003\0001\000.\0001\000.\0001\000\040\000p\000o\000l\000y\000\050\000\051}{subsection.7.31.1}% 82
\BOOKMARK [1][-]{section.7.32}{\376\377\0007\000.\0003\0002\000\040\000e\000t\000v\000o\000I\000I\000:\000:\000p\000o\000l\000y\000E\000d\000\040\000C\000l\000a\000s\000s\000\040\000R\000e\000f\000e\000r\000e\000n\000c\000e}{chapter.7}% 83
\BOOKMARK [1][-]{section.7.33}{\376\377\0007\000.\0003\0003\000\040\000e\000t\000v\000o\000I\000I\000:\000:\000p\000o\000l\000y\000T\000g\000\040\000C\000l\000a\000s\000s\000\040\000R\000e\000f\000e\000r\000e\000n\000c\000e}{chapter.7}% 84
\BOOKMARK [1][-]{section.7.34}{\376\377\0007\000.\0003\0004\000\040\000P\000o\000v\000R\000a\000y\000:\000:\000P\000o\000v\000R\000a\000y\0002\000\040\000C\000l\000a\000s\000s\000\040\000R\000e\000f\000e\000r\000e\000n\000c\000e}{chapter.7}% 85
\BOOKMARK [1][-]{section.7.35}{\376\377\0007\000.\0003\0005\000\040\000e\000t\000v\000o\000I\000I\000:\000:\000r\000a\000n\000d\000G\000e\000n\000\040\000C\000l\000a\000s\000s\000\040\000R\000e\000f\000e\000r\000e\000n\000c\000e}{chapter.7}% 86
\BOOKMARK [1][-]{section.7.36}{\376\377\0007\000.\0003\0006\000\040\000m\000m\000g\000d\000:\000:\000s\000e\000r\000i\000e\000\040\000C\000l\000a\000s\000s\000\040\000R\000e\000f\000e\000r\000e\000n\000c\000e}{chapter.7}% 87
\BOOKMARK [2][-]{subsection.7.36.1}{\376\377\0007\000.\0003\0006\000.\0001\000\040\000F\000r\000i\000e\000n\000d\000s\000\040\000A\000n\000d\000\040\000R\000e\000l\000a\000t\000e\000d\000\040\000F\000u\000n\000c\000t\000i\000o\000n\000\040\000D\000o\000c\000u\000m\000e\000n\000t\000a\000t\000i\000o\000n}{section.7.36}% 88
\BOOKMARK [3][-]{subsubsection.7.36.1.1}{\376\377\0007\000.\0003\0006\000.\0001\000.\0001\000\040\000i\000n\000f}{subsection.7.36.1}% 89
\BOOKMARK [1][-]{section.7.37}{\376\377\0007\000.\0003\0007\000\040\000e\000t\000v\000o\000I\000I\000:\000:\000s\000e\000r\000i\000e\000s\000\040\000C\000l\000a\000s\000s\000\040\000R\000e\000f\000e\000r\000e\000n\000c\000e}{chapter.7}% 90
\BOOKMARK [1][-]{section.7.38}{\376\377\0007\000.\0003\0008\000\040\000e\000t\000v\000o\000I\000I\000:\000:\000s\000e\000r\000i\000e\000s\000E\000d\000\040\000C\000l\000a\000s\000s\000\040\000R\000e\000f\000e\000r\000e\000n\000c\000e}{chapter.7}% 91
\BOOKMARK [1][-]{section.7.39}{\376\377\0007\000.\0003\0009\000\040\000e\000t\000v\000o\000I\000I\000:\000:\000T\000\137\000o\000p\000\040\000C\000l\000a\000s\000s\000\040\000R\000e\000f\000e\000r\000e\000n\000c\000e}{chapter.7}% 92
\BOOKMARK [1][-]{section.7.40}{\376\377\0007\000.\0004\0000\000\040\000m\000m\000g\000d\000:\000:\000t\000a\000i\000l\000l\000e\000\137\000i\000n\000c\000o\000r\000r\000e\000c\000t\000e\000\040\000C\000l\000a\000s\000s\000\040\000R\000e\000f\000e\000r\000e\000n\000c\000e}{chapter.7}% 93
\BOOKMARK [1][-]{section.7.41}{\376\377\0007\000.\0004\0001\000\040\000t\000e\000s\000t\000:\000:\000T\000e\000s\000t\000\040\000C\000l\000a\000s\000s\000\040\000R\000e\000f\000e\000r\000e\000n\000c\000e}{chapter.7}% 94
\BOOKMARK [1][-]{section.7.42}{\376\377\0007\000.\0004\0002\000\040\000t\000e\000s\000t\000:\000:\000t\000e\000s\000t\000E\000x\000c\000e\000p\000t\000i\000o\000n\000\040\000C\000l\000a\000s\000s\000\040\000R\000e\000f\000e\000r\000e\000n\000c\000e}{chapter.7}% 95
\BOOKMARK [1][-]{section.7.43}{\376\377\0007\000.\0004\0003\000\040\000t\000e\000s\000t\000:\000:\000T\000e\000s\000t\000I\000S\000<\000\040\000T\000\040\000>\000\040\000C\000l\000a\000s\000s\000\040\000T\000e\000m\000p\000l\000a\000t\000e\000\040\000R\000e\000f\000e\000r\000e\000n\000c\000e}{chapter.7}% 96
\BOOKMARK [1][-]{section.7.44}{\376\377\0007\000.\0004\0004\000\040\000t\000e\000s\000t\000:\000:\000T\000e\000s\000t\000K\000l\000e\000e\000n\000e\000<\000\040\000T\000\040\000>\000\040\000C\000l\000a\000s\000s\000\040\000T\000e\000m\000p\000l\000a\000t\000e\000\040\000R\000e\000f\000e\000r\000e\000n\000c\000e}{chapter.7}% 97
\BOOKMARK [1][-]{section.7.45}{\376\377\0007\000.\0004\0005\000\040\000t\000e\000s\000t\000:\000:\000T\000e\000s\000t\000:\000:\000T\000e\000s\000t\000P\000o\000l\000y\000E\000d\000\040\000C\000l\000a\000s\000s\000\040\000R\000e\000f\000e\000r\000e\000n\000c\000e}{chapter.7}% 98
\BOOKMARK [1][-]{section.7.46}{\376\377\0007\000.\0004\0006\000\040\000t\000e\000s\000t\000:\000:\000T\000e\000s\000t\000R\000e\000s\000i\000d\000u\000a\000t\000i\000o\000n\000<\000\040\000T\000\040\000>\000\040\000C\000l\000a\000s\000s\000\040\000T\000e\000m\000p\000l\000a\000t\000e\000\040\000R\000e\000f\000e\000r\000e\000n\000c\000e}{chapter.7}% 99
\BOOKMARK [1][-]{section.7.47}{\376\377\0007\000.\0004\0007\000\040\000t\000e\000s\000t\000:\000:\000T\000e\000s\000t\000R\000e\000s\000i\000d\000u\000a\000t\000i\000o\000n\000I\000n\000e\000q\000<\000\040\000T\000\040\000>\000\040\000C\000l\000a\000s\000s\000\040\000T\000e\000m\000p\000l\000a\000t\000e\000\040\000R\000e\000f\000e\000r\000e\000n\000c\000e}{chapter.7}% 100
\BOOKMARK [1][-]{section.7.48}{\376\377\0007\000.\0004\0008\000\040\000t\000e\000s\000t\000:\000:\000T\000e\000s\000t\000:\000:\000T\000e\000s\000t\000S\000e\000r\000i\000e\000s\000E\000d\000\040\000C\000l\000a\000s\000s\000\040\000R\000e\000f\000e\000r\000e\000n\000c\000e}{chapter.7}% 101
\BOOKMARK [2][-]{subsection.7.48.1}{\376\377\0007\000.\0004\0008\000.\0001\000\040\000M\000e\000m\000b\000e\000r\000\040\000F\000u\000n\000c\000t\000i\000o\000n\000\040\000D\000o\000c\000u\000m\000e\000n\000t\000a\000t\000i\000o\000n}{section.7.48}% 102
\BOOKMARK [3][-]{subsubsection.7.48.1.1}{\376\377\0007\000.\0004\0008\000.\0001\000.\0001\000\040\000T\000e\000s\000t\000K\000l\000e\000e\000n\000e\000C\000D\000\050\000\051}{subsection.7.48.1}% 103
\BOOKMARK [1][-]{section.7.49}{\376\377\0007\000.\0004\0009\000\040\000t\000e\000s\000t\000:\000:\000T\000e\000s\000t\000X\000I\000S\000<\000\040\000T\000\040\000>\000\040\000C\000l\000a\000s\000s\000\040\000T\000e\000m\000p\000l\000a\000t\000e\000\040\000R\000e\000f\000e\000r\000e\000n\000c\000e}{chapter.7}% 104
\BOOKMARK [1][-]{section.7.50}{\376\377\0007\000.\0005\0000\000\040\000e\000t\000v\000o\000I\000I\000:\000:\000T\000g\000\040\000C\000l\000a\000s\000s\000\040\000R\000e\000f\000e\000r\000e\000n\000c\000e}{chapter.7}% 105
\BOOKMARK [1][-]{section.7.51}{\376\377\0007\000.\0005\0001\000\040\000e\000t\000v\000o\000I\000I\000:\000:\000T\000o\000o\000l\000s\000\040\000C\000l\000a\000s\000s\000\040\000R\000e\000f\000e\000r\000e\000n\000c\000e}{chapter.7}% 106
\BOOKMARK [0][-]{chapter.8}{\376\377\0008\000\040\000F\000i\000l\000e\000\040\000D\000o\000c\000u\000m\000e\000n\000t\000a\000t\000i\000o\000n}{}% 107
\BOOKMARK [1][-]{section.8.1}{\376\377\0008\000.\0001\000\040\000e\000t\000v\000o\000/\000F\000p\000e\000r\000/\000F\000p\000e\000r\000.\000c\000p\000p\000\040\000F\000i\000l\000e\000\040\000R\000e\000f\000e\000r\000e\000n\000c\000e}{chapter.8}% 108
\BOOKMARK [2][-]{subsection.8.1.1}{\376\377\0008\000.\0001\000.\0001\000\040\000D\000e\000t\000a\000i\000l\000e\000d\000\040\000D\000e\000s\000c\000r\000i\000p\000t\000i\000o\000n}{section.8.1}% 109
\BOOKMARK [1][-]{section.8.2}{\376\377\0008\000.\0002\000\040\000e\000t\000v\000o\000/\000F\000p\000e\000r\000/\000F\000p\000e\000r\000.\000h\000\040\000F\000i\000l\000e\000\040\000R\000e\000f\000e\000r\000e\000n\000c\000e}{chapter.8}% 110
